[themewagon.github.io/vesperr/index.html]
[backblue.gif]
[fade.gif]
[index.html]
[themewagon.github.io/vesperr/assets/img/favicon.png]
[themewagon.github.io/vesperr/assets/img/apple-touch-icon.png]
[themewagon.github.io/vesperr/assets/vendor/bootstrap/css/bootstrap.min.css]
[themewagon.github.io/vesperr/assets/vendor/bootstrap-icons/bootstrap-icons.css]
[themewagon.github.io/vesperr/assets/vendor/aos/aos.css]
[themewagon.github.io/vesperr/assets/vendor/glightbox/css/glightbox.min.css]
[themewagon.github.io/vesperr/assets/vendor/swiper/swiper-bundle.min.css]
[themewagon.github.io/vesperr/assets/css/main.css]
[themewagon.github.io/vesperr/index-2.html]
[themewagon.github.io/vesperr/assets/img/hero-img.png]
[themewagon.github.io/vesperr/assets/img/clients/client-1.png]
[themewagon.github.io/vesperr/assets/img/clients/client-2.png]
[themewagon.github.io/vesperr/assets/img/clients/client-3.png]
[themewagon.github.io/vesperr/assets/img/clients/client-4.png]
[themewagon.github.io/vesperr/assets/img/clients/client-5.png]
[themewagon.github.io/vesperr/assets/img/clients/client-6.png]
[themewagon.github.io/vesperr/assets/img/stats-img.svg]
[themewagon.github.io/vesperr/assets/img/services-1.jpg]
[themewagon.github.io/vesperr/service-details.html]
[themewagon.github.io/vesperr/assets/img/services-2.jpg]
[themewagon.github.io/vesperr/assets/img/services-3.jpg]
[themewagon.github.io/vesperr/assets/img/services-4.jpg]
[themewagon.github.io/vesperr/assets/img/testimonials/testimonials-1.jpg]
[themewagon.github.io/vesperr/assets/img/testimonials/testimonials-2.jpg]
[themewagon.github.io/vesperr/assets/img/testimonials/testimonials-3.jpg]
[themewagon.github.io/vesperr/assets/img/testimonials/testimonials-4.jpg]
[themewagon.github.io/vesperr/assets/img/testimonials/testimonials-5.jpg]
[themewagon.github.io/vesperr/assets/img/portfolio/app-1.jpg]
[themewagon.github.io/vesperr/portfolio-details.html]
[themewagon.github.io/vesperr/assets/img/portfolio/product-1.jpg]
[themewagon.github.io/vesperr/assets/img/portfolio/branding-1.jpg]
[themewagon.github.io/vesperr/assets/img/portfolio/books-1.jpg]
[themewagon.github.io/vesperr/assets/img/portfolio/app-2.jpg]
[themewagon.github.io/vesperr/assets/img/portfolio/product-2.jpg]
[themewagon.github.io/vesperr/assets/img/portfolio/branding-2.jpg]
[themewagon.github.io/vesperr/assets/img/portfolio/books-2.jpg]
[themewagon.github.io/vesperr/assets/img/portfolio/app-3.jpg]
[themewagon.github.io/vesperr/assets/img/portfolio/product-3.jpg]
[themewagon.github.io/vesperr/assets/img/portfolio/branding-3.jpg]
[themewagon.github.io/vesperr/assets/img/portfolio/books-3.jpg]
[themewagon.github.io/vesperr/assets/img/team/team-1.jpg]
[themewagon.github.io/vesperr/assets/img/team/team-2.jpg]
[themewagon.github.io/vesperr/assets/img/team/team-3.jpg]
[themewagon.github.io/vesperr/assets/img/team/team-4.jpg]
[themewagon.github.io/vesperr/assets/vendor/bootstrap/js/bootstrap.bundle.min.js]
[themewagon.github.io/vesperr/assets/vendor/php-email-form/validate.js]
[themewagon.github.io/vesperr/assets/vendor/aos/aos.js]
[themewagon.github.io/vesperr/assets/vendor/glightbox/js/glightbox.min.js]
[themewagon.github.io/vesperr/assets/vendor/purecounter/purecounter_vanilla.js]
[themewagon.github.io/vesperr/assets/vendor/swiper/swiper-bundle.min.js]
[themewagon.github.io/vesperr/assets/vendor/imagesloaded/imagesloaded.pkgd.min.js]
[themewagon.github.io/vesperr/assets/vendor/isotope-layout/isotope.pkgd.min.js]
[themewagon.github.io/vesperr/assets/js/main.js]
[themewagon.github.io/vesperr/index.html]
[themewagon.github.io/vesperr/assets/vendor/bootstrap/css/bootstrap.min.css]
[themewagon.github.io/vesperr/assets/vendor/bootstrap-icons/fonts/bootstrap-icons0107.woff2]
[themewagon.github.io/vesperr/assets/vendor/bootstrap-icons/fonts/bootstrap-icons0107.woff]
[themewagon.github.io/vesperr/assets/vendor/bootstrap-icons/bootstrap-icons.css]
[themewagon.github.io/vesperr/assets/vendor/aos/aos.css]
[themewagon.github.io/vesperr/assets/vendor/glightbox/css/glightbox.min.css]
[themewagon.github.io/vesperr/assets/vendor/swiper/swiper-bundle.min.css]
[themewagon.github.io/vesperr/assets/img/contact-bg.png]
[themewagon.github.io/vesperr/assets/css/main.css]
[themewagon.github.io/vesperr/index-2.html]
[themewagon.github.io/vesperr/assets/img/stats-img.svg]
[themewagon.github.io/vesperr/assets/img/services.jpg]
[themewagon.github.io/vesperr/service-details.html]
[themewagon.github.io/vesperr/portfolio-details.html]
